2026-05-21 12:01:52 PM - Nova event logging system created
2026-05-21 12:01:52 PM - Dashboard recent events panel enabled
2026-05-21 12:11:34 PM - Morning briefing completed
2026-05-21 12:11:35 PM - System health check completed
2026-05-21 12:12:10 PM - Dashboard updated
2026-05-21 12:12:37 PM - Dashboard updated
2026-05-21 12:13:05 PM - Dashboard updated
2026-05-21 12:14:05 PM - Dashboard updated
2026-05-21 12:15:05 PM - Dashboard updated
2026-05-21 12:16:06 PM - Dashboard updated
2026-05-21 12:17:12 PM - Dashboard updated
2026-05-21 12:18:07 PM - Dashboard updated
2026-05-21 12:19:07 PM - Dashboard updated
2026-05-21 12:20:04 PM [INFO] Nova event logger upgraded
2026-05-21 12:20:04 PM [SUCCESS] Severity levels enabled
2026-05-21 12:20:04 PM [WARN] This is a test warning
2026-05-21 12:20:04 PM [ERROR] This is a test error
2026-05-21 12:20:08 PM [INFO] Dashboard updated
2026-05-21 12:21:07 PM [INFO] Dashboard updated
2026-05-21 12:22:08 PM [INFO] Dashboard updated
2026-05-21 12:23:06 PM [INFO] Dashboard updated
2026-05-21 12:23:19 PM [SUCCESS] Morning briefing completed
2026-05-21 12:23:22 PM [SUCCESS] System health check completed
2026-05-21 12:24:08 PM [INFO] Dashboard updated
2026-05-21 12:25:05 PM [INFO] Dashboard updated
2026-05-21 12:26:08 PM [INFO] Dashboard updated
2026-05-21 12:27:13 PM [INFO] Dashboard updated
2026-05-21 12:28:07 PM [INFO] Dashboard updated
2026-05-21 12:29:14 PM [INFO] Dashboard updated
2026-05-21 12:30:06 PM [INFO] Dashboard updated
2026-05-21 12:31:07 PM [INFO] Dashboard updated
2026-05-21 12:32:05 PM [INFO] Dashboard updated
2026-05-21 12:33:06 PM [INFO] Dashboard updated
2026-05-21 12:34:10 PM [INFO] Dashboard updated
2026-05-21 12:35:08 PM [INFO] Dashboard updated
2026-05-21 12:36:07 PM [INFO] Dashboard updated
2026-05-21 12:37:06 PM [INFO] Dashboard updated
2026-05-21 12:38:04 PM [INFO] Dashboard updated
2026-05-21 12:39:08 PM [INFO] Dashboard updated
2026-05-21 12:40:05 PM [INFO] Dashboard updated
2026-05-21 12:41:06 PM [INFO] Dashboard updated
2026-05-21 12:41:31 PM [INFO] Dashboard updated
2026-05-21 12:42:05 PM [INFO] Dashboard updated
2026-05-21 12:43:06 PM [INFO] Dashboard updated
2026-05-21 12:44:08 PM [INFO] Dashboard updated
2026-05-21 12:45:05 PM [INFO] Dashboard updated
2026-05-21 12:46:16 PM [INFO] Dashboard updated
2026-05-21 12:47:16 PM [INFO] Dashboard updated
2026-05-21 12:48:12 PM [INFO] Dashboard updated
2026-05-21 12:49:11 PM [INFO] Dashboard updated
2026-05-21 12:50:12 PM [INFO] Dashboard updated
2026-05-21 12:51:13 PM [INFO] Dashboard updated
2026-05-21 12:52:10 PM [INFO] Dashboard updated
2026-05-21 12:53:10 PM [INFO] Dashboard updated
2026-05-21 12:54:06 PM [INFO] Dashboard updated
2026-05-21 12:55:04 PM [INFO] Dashboard updated
2026-05-21 12:56:07 PM [INFO] Dashboard updated
2026-05-21 12:57:14 PM [INFO] Dashboard updated
2026-05-21 12:58:08 PM [INFO] Dashboard updated
2026-05-21 12:59:11 PM [INFO] Dashboard updated
2026-05-21 01:00:11 PM [INFO] Dashboard updated
2026-05-21 01:01:05 PM [INFO] Dashboard updated
2026-05-21 01:02:07 PM [INFO] Dashboard updated
2026-05-21 01:03:05 PM [INFO] Dashboard updated
2026-05-21 01:04:07 PM [INFO] Dashboard updated
2026-05-21 01:05:05 PM [INFO] Dashboard updated
2026-05-21 01:06:05 PM [INFO] Dashboard updated
2026-05-21 01:07:06 PM [INFO] Dashboard updated
2026-05-21 01:08:05 PM [INFO] Dashboard updated
2026-05-21 01:09:06 PM [INFO] Dashboard updated
2026-05-21 01:10:05 PM [INFO] Dashboard updated
2026-05-21 01:11:07 PM [INFO] Dashboard updated
2026-05-21 01:12:07 PM [INFO] Dashboard updated
2026-05-21 01:13:11 PM [INFO] Dashboard updated
2026-05-21 01:14:07 PM [INFO] Dashboard updated
2026-05-21 01:15:05 PM [INFO] Dashboard updated
2026-05-21 01:16:15 PM [INFO] Dashboard updated
2026-05-21 01:17:08 PM [INFO] Dashboard updated
2026-05-21 01:18:11 PM [INFO] Dashboard updated
2026-05-21 01:19:08 PM [INFO] Dashboard updated
2026-05-21 01:20:07 PM [INFO] Dashboard updated
2026-05-21 01:21:06 PM [INFO] Dashboard updated
2026-05-21 01:22:07 PM [INFO] Dashboard updated
2026-05-21 01:23:12 PM [INFO] Dashboard updated
2026-05-21 01:24:09 PM [INFO] Dashboard updated
2026-05-21 01:25:04 PM [INFO] Dashboard updated
2026-05-21 01:26:07 PM [INFO] Dashboard updated
2026-05-21 01:27:06 PM [INFO] Dashboard updated
2026-05-21 01:28:07 PM [INFO] Dashboard updated
2026-05-21 01:29:07 PM [INFO] Dashboard updated
2026-05-21 01:30:06 PM [INFO] Dashboard updated
2026-05-21 01:31:07 PM [INFO] Dashboard updated
2026-05-21 01:32:07 PM [INFO] Dashboard updated
2026-05-21 01:33:07 PM [INFO] Dashboard updated
2026-05-21 01:34:07 PM [INFO] Dashboard updated
2026-05-21 01:35:06 PM [INFO] Dashboard updated
2026-05-21 01:36:07 PM [INFO] Dashboard updated
2026-05-21 01:37:08 PM [INFO] Dashboard updated
2026-05-21 01:38:05 PM [INFO] Dashboard updated
2026-05-21 01:39:23 PM [INFO] Dashboard updated
2026-05-21 01:40:05 PM [INFO] Dashboard updated
2026-05-21 01:41:05 PM [INFO] Dashboard updated
2026-05-21 01:42:04 PM [INFO] Dashboard updated
2026-05-21 01:42:58 PM [INFO] Dashboard updated
2026-05-21 01:43:05 PM [INFO] Dashboard updated
